
> asistente-nespresso@0.0.0 test
> vitest --run


[1m[46m RUN [49m[22m [36mv4.0.13 [39m[90mC:/Users/sergi/Desktop/proyectos/asistente Nespresso[39m

 [32mÃ”Â£Ã´[39m backend/tests/gemini.test.ts [2m([22m[2m17 tests[22m[2m)[22m[32m 24[2mms[22m[39m
 [31mÃ”Ã˜Â»[39m tests/apiService.test.ts [2m([22m[2m23 tests[22m[2m | [22m[31m19 failed[39m[2m)[22m[32m 88[2mms[22m[39m
       [32mÃ”Â£Ã´[39m should return true when server is healthy[32m 5[2mms[22m[39m
       [32mÃ”Â£Ã´[39m should return false when server is unhealthy[32m 2[2mms[22m[39m
[31m         [31mâ”œÃ¹[31m should fetch all repairs[39m[32m 11[2mms[22m[39m
[31m         [31mâ”œÃ¹[31m should handle errors when fetching repairs[39m[32m 17[2mms[22m[39m
[31m         [31mâ”œÃ¹[31m should fetch specific repair by ID[39m[32m 3[2mms[22m[39m
[31m         [31mâ”œÃ¹[31m should handle not found errors[39m[32m 3[2mms[22m[39m
[31m         [31mâ”œÃ¹[31m should create new repair[39m[32m 2[2mms[22m[39m
[31m         [31mâ”œÃ¹[31m should handle validation errors[39m[32m 3[2mms[22m[39m
[31m         [31mâ”œÃ¹[31m should update existing repair[39m[32m 2[2mms[22m[39m
[31m         [31mâ”œÃ¹[31m should handle update errors[39m[32m 3[2mms[22m[39m
[31m         [31mâ”œÃ¹[31m should delete repair[39m[32m 2[2mms[22m[39m
[31m         [31mâ”œÃ¹[31m should handle deletion errors[39m[32m 3[2mms[22m[39m
[31m         [31mâ”œÃ¹[31m should fetch analytics stats[39m[32m 3[2mms[22m[39m
[31m         [31mâ”œÃ¹[31m should search repairs with params[39m[32m 2[2mms[22m[39m
[31m         [31mâ”œÃ¹[31m should fetch available machine models[39m[32m 2[2mms[22m[39m
[31m         [31mâ”œÃ¹[31m should run predefined query with params[39m[32m 1[2mms[22m[39m
[31m         [31mâ”œÃ¹[31m should run query without params[39m[32m 2[2mms[22m[39m
[31m         [31mâ”œÃ¹[31m should handle invalid query types[39m[32m 3[2mms[22m[39m
         [32mÃ”Â£Ã´[39m should open export window with correct URL for CSV[32m 3[2mms[22m[39m
         [32mÃ”Â£Ã´[39m should open export window with correct URL for JSON[32m 1[2mms[22m[39m
[31m       [31mâ”œÃ¹[31m should handle network errors[39m[32m 2[2mms[22m[39m
[31m       [31mâ”œÃ¹[31m should handle API errors with custom messages[39m[32m 3[2mms[22m[39m
[31m       [31mâ”œÃ¹[31m should handle errors without response data[39m[32m 3[2mms[22m[39m
 [32mÃ”Â£Ã´[39m backend/tests/api.test.ts [2m([22m[2m3 tests[22m[2m)[22m[32m 111[2mms[22m[39m
 [32mÃ”Â£Ã´[39m backend/tests/videoController.test.ts [2m([22m[2m12 tests[22m[2m)[22m[32m 196[2mms[22m[39m
 [32mÃ”Â£Ã´[39m backend/tests/security.test.ts [2m([22m[2m4 tests[22m[2m)[22m[32m 7[2mms[22m[39m
stderr | backend/tests/repairsController.test.ts > Repairs Controller > PUT /api/repairs/:id > should successfully update repair name
Error updating repair: PrismaClientKnownRequestError: 
Invalid `prisma.savedRepair.update()` invocation:


An operation failed because it depends on one or more records that were required but not found. No record was found for an update.
    at ei.handleRequestError (C:\Users\sergi\Desktop\proyectos\asistente Nespresso\backend\node_modules\@prisma\client\runtime\library.js:121:7268)
    at ei.handleAndLogRequestError (C:\Users\sergi\Desktop\proyectos\asistente Nespresso\backend\node_modules\@prisma\client\runtime\library.js:121:6593)
    at ei.request (C:\Users\sergi\Desktop\proyectos\asistente Nespresso\backend\node_modules\@prisma\client\runtime\library.js:121:6300)
    at a (C:\Users\sergi\Desktop\proyectos\asistente Nespresso\backend\node_modules\@prisma\client\runtime\library.js:130:9551) {
  code: 'P2025',
  meta: {
    modelName: 'SavedRepair',
    cause: 'No record was found for an update.'
  },
  clientVersion: '6.19.0'
}

stderr | backend/tests/repairsController.test.ts > Repairs Controller > PUT /api/repairs/:id > should return 404 if repair not found
Error updating repair: PrismaClientKnownRequestError: 
Invalid `prisma.savedRepair.update()` invocation:


An operation failed because it depends on one or more records that were required but not found. No record was found for an update.
    at ei.handleRequestError (C:\Users\sergi\Desktop\proyectos\asistente Nespresso\backend\node_modules\@prisma\client\runtime\library.js:121:7268)
    at ei.handleAndLogRequestError (C:\Users\sergi\Desktop\proyectos\asistente Nespresso\backend\node_modules\@prisma\client\runtime\library.js:121:6593)
    at ei.request (C:\Users\sergi\Desktop\proyectos\asistente Nespresso\backend\node_modules\@prisma\client\runtime\library.js:121:6300)
    at a (C:\Users\sergi\Desktop\proyectos\asistente Nespresso\backend\node_modules\@prisma\client\runtime\library.js:130:9551) {
  code: 'P2025',
  meta: {
    modelName: 'SavedRepair',
    cause: 'No record was found for an update.'
  },
  clientVersion: '6.19.0'
}

stderr | backend/tests/repairsController.test.ts > Repairs Controller > PUT /api/repairs/:id > should handle update errors
Error updating repair: PrismaClientKnownRequestError: 
Invalid `prisma.savedRepair.update()` invocation:


An operation failed because it depends on one or more records that were required but not found. No record was found for an update.
    at ei.handleRequestError (C:\Users\sergi\Desktop\proyectos\asistente Nespresso\backend\node_modules\@prisma\client\runtime\library.js:121:7268)
    at ei.handleAndLogRequestError (C:\Users\sergi\Desktop\proyectos\asistente Nespresso\backend\node_modules\@prisma\client\runtime\library.js:121:6593)
    at ei.request (C:\Users\sergi\Desktop\proyectos\asistente Nespresso\backend\node_modules\@prisma\client\runtime\library.js:121:6300)
    at a (C:\Users\sergi\Desktop\proyectos\asistente Nespresso\backend\node_modules\@prisma\client\runtime\library.js:130:9551) {
  code: 'P2025',
  meta: {
    modelName: 'SavedRepair',
    cause: 'No record was found for an update.'
  },
  clientVersion: '6.19.0'
}

stderr | backend/tests/repairsController.test.ts > Repairs Controller > DELETE /api/repairs/:id > should successfully delete repair
Error deleting repair: PrismaClientKnownRequestError: 
Invalid `prisma.savedRepair.delete()` invocation:


An operation failed because it depends on one or more records that were required but not found. No record was found for a delete.
    at ei.handleRequestError (C:\Users\sergi\Desktop\proyectos\asistente Nespresso\backend\node_modules\@prisma\client\runtime\library.js:121:7268)
    at ei.handleAndLogRequestError (C:\Users\sergi\Desktop\proyectos\asistente Nespresso\backend\node_modules\@prisma\client\runtime\library.js:121:6593)
    at ei.request (C:\Users\sergi\Desktop\proyectos\asistente Nespresso\backend\node_modules\@prisma\client\runtime\library.js:121:6300)
    at a (C:\Users\sergi\Desktop\proyectos\asistente Nespresso\backend\node_modules\@prisma\client\runtime\library.js:130:9551) {
  code: 'P2025',
  meta: {
    modelName: 'SavedRepair',
    cause: 'No record was found for a delete.'
  },
  clientVersion: '6.19.0'
}

stderr | backend/tests/repairsController.test.ts > Repairs Controller > DELETE /api/repairs/:id > should return 404 if repair not found
Error deleting repair: PrismaClientKnownRequestError: 
Invalid `prisma.savedRepair.delete()` invocation:


An operation failed because it depends on one or more records that were required but not found. No record was found for a delete.
    at ei.handleRequestError (C:\Users\sergi\Desktop\proyectos\asistente Nespresso\backend\node_modules\@prisma\client\runtime\library.js:121:7268)
    at ei.handleAndLogRequestError (C:\Users\sergi\Desktop\proyectos\asistente Nespresso\backend\node_modules\@prisma\client\runtime\library.js:121:6593)
    at ei.request (C:\Users\sergi\Desktop\proyectos\asistente Nespresso\backend\node_modules\@prisma\client\runtime\library.js:121:6300)
    at a (C:\Users\sergi\Desktop\proyectos\asistente Nespresso\backend\node_modules\@prisma\client\runtime\library.js:130:9551) {
  code: 'P2025',
  meta: {
    modelName: 'SavedRepair',
    cause: 'No record was found for a delete.'
  },
  clientVersion: '6.19.0'
}

stderr | backend/tests/repairsController.test.ts > Repairs Controller > DELETE /api/repairs/:id > should handle deletion errors
Error deleting repair: PrismaClientKnownRequestError: 
Invalid `prisma.savedRepair.delete()` invocation:


An operation failed because it depends on one or more records that were required but not found. No record was found for a delete.
    at ei.handleRequestError (C:\Users\sergi\Desktop\proyectos\asistente Nespresso\backend\node_modules\@prisma\client\runtime\library.js:121:7268)
    at ei.handleAndLogRequestError (C:\Users\sergi\Desktop\proyectos\asistente Nespresso\backend\node_modules\@prisma\client\runtime\library.js:121:6593)
    at ei.request (C:\Users\sergi\Desktop\proyectos\asistente Nespresso\backend\node_modules\@prisma\client\runtime\library.js:121:6300)
    at a (C:\Users\sergi\Desktop\proyectos\asistente Nespresso\backend\node_modules\@prisma\client\runtime\library.js:130:9551) {
  code: 'P2025',
  meta: {
    modelName: 'SavedRepair',
    cause: 'No record was found for a delete.'
  },
  clientVersion: '6.19.0'
}

 [31mÃ”Ã˜Â»[39m backend/tests/repairsController.test.ts [2m([22m[2m17 tests[22m[2m | [22m[31m10 failed[39m[2m)[22m[33m 2314[2mms[22m[39m
[31m       [31mâ”œÃ¹[31m should return all repairs with first message preview[39m[33m 524[2mms[22m[39m
[31m       [31mâ”œÃ¹[31m should handle database errors[39m[32m 79[2mms[22m[39m
[31m       [31mâ”œÃ¹[31m should return specific repair with all messages[39m[32m 72[2mms[22m[39m
       [32mÃ”Â£Ã´[39m should return 404 if repair not found[32m 38[2mms[22m[39m
[31m       [31mâ”œÃ¹[31m should handle database errors[39m[32m 43[2mms[22m[39m
       [32mÃ”Â£Ã´[39m should return 400 if name is missing[32m 19[2mms[22m[39m
       [32mÃ”Â£Ã´[39m should return 400 if messages are missing[32m 7[2mms[22m[39m
       [32mÃ”Â£Ã´[39m should return 400 if messages array is empty[32m 6[2mms[22m[39m
[31m       [31mâ”œÃ¹[31m should successfully create a repair[39m[33m 392[2mms[22m[39m
       [33m[2mÃ”Â£Ã´[22m[39m should create repair with attachments [33m 352[2mms[22m[39m
[31m       [31mâ”œÃ¹[31m should handle creation errors[39m[32m 268[2mms[22m[39m
[31m       [31mâ”œÃ¹[31m should successfully update repair name[39m[32m 133[2mms[22m[39m
       [32mÃ”Â£Ã´[39m should return 404 if repair not found[32m 101[2mms[22m[39m
[31m       [31mâ”œÃ¹[31m should handle update errors[39m[32m 109[2mms[22m[39m
[31m       [31mâ”œÃ¹[31m should successfully delete repair[39m[32m 79[2mms[22m[39m
       [32mÃ”Â£Ã´[39m should return 404 if repair not found[32m 44[2mms[22m[39m
[31m       [31mâ”œÃ¹[31m should handle deletion errors[39m[32m 43[2mms[22m[39m

Ã”Ã„Â»Ã”Ã„Â»Ã”Ã„Â»Ã”Ã„Â»Ã”Ã„Â»Ã”Ã„Â» Failed Suites 6 Ã”Ã„Â»Ã”Ã„Â»Ã”Ã„Â»Ã”Ã„Â»Ã”Ã„Â»Ã”Ã„Â»Ã”Ã„Â»

 FAIL  e2e/01-navigation.spec.ts [ e2e/01-navigation.spec.ts ]
Error: Playwright Test did not expect test.describe() to be called here.
Most common reasons include:
- You are calling test.describe() in a configuration file.
- You are calling test.describe() in a file that is imported by the configuration file.
- You have two different versions of @playwright/test. This usually happens
  when one of the dependencies in your package.json depends on @playwright/test.
 Ã”Ã˜Â» TestTypeImpl._currentSuite node_modules/playwright/lib/common/testType.js:74:13
 Ã”Ã˜Â» TestTypeImpl._describe node_modules/playwright/lib/common/testType.js:114:24
 Ã”Ã˜Â» Function.describe node_modules/playwright/lib/transform/transform.js:275:12
 Ã”Ã˜Â» e2e/01-navigation.spec.ts:5:6
      3| import { selectors } from './fixtures/test-data';
      4| 
      5| test.describe('Navegaciâ”œâ”‚n Bâ”œÃ­sica', () => {
       |      ^
      6|     test('debe cargar la aplicaciâ”œâ”‚n correctamente', async ({ page }) =Ã”Ã‡Âª
      7|         await page.goto('/');

Ã”Ã„Â»Ã”Ã„Â»Ã”Ã„Â»Ã”Ã„Â»Ã”Ã„Â»Ã”Ã„Â»Ã”Ã„Â»Ã”Ã„Â»Ã”Ã„Â»Ã”Ã„Â»Ã”Ã„Â»Ã”Ã„Â»Ã”Ã„Â»Ã”Ã„Â»Ã”Ã„Â»Ã”Ã„Â»Ã”Ã„Â»Ã”Ã„Â»Ã”Ã„Â»Ã”Ã„Â»Ã”Ã„Â»Ã”Ã„Â»Ã”Ã„Â»[1/35]Ã”Ã„Â»

 FAIL  e2e/02-chat-flow.spec.ts [ e2e/02-chat-flow.spec.ts ]
Error: Playwright Test did not expect test.describe() to be called here.
Most common reasons include:
- You are calling test.describe() in a configuration file.
- You are calling test.describe() in a file that is imported by the configuration file.
- You have two different versions of @playwright/test. This usually happens
  when one of the dependencies in your package.json depends on @playwright/test.
 Ã”Ã˜Â» TestTypeImpl._currentSuite node_modules/playwright/lib/common/testType.js:74:13
 Ã”Ã˜Â» TestTypeImpl._describe node_modules/playwright/lib/common/testType.js:114:24
 Ã”Ã˜Â» Function.describe node_modules/playwright/lib/transform/transform.js:275:12
 Ã”Ã˜Â» e2e/02-chat-flow.spec.ts:10:6
      8| import { testData } from './fixtures/test-data';
      9| 
     10| test.describe('Flujo de Chat', () => {
       |      ^
     11|     test.beforeEach(async ({ page }) => {
     12|         await page.goto('/');

Ã”Ã„Â»Ã”Ã„Â»Ã”Ã„Â»Ã”Ã„Â»Ã”Ã„Â»Ã”Ã„Â»Ã”Ã„Â»Ã”Ã„Â»Ã”Ã„Â»Ã”Ã„Â»Ã”Ã„Â»Ã”Ã„Â»Ã”Ã„Â»Ã”Ã„Â»Ã”Ã„Â»Ã”Ã„Â»Ã”Ã„Â»Ã”Ã„Â»Ã”Ã„Â»Ã”Ã„Â»Ã”Ã„Â»Ã”Ã„Â»Ã”Ã„Â»[2/35]Ã”Ã„Â»

 FAIL  e2e/03-modals.spec.ts [ e2e/03-modals.spec.ts ]
Error: Playwright Test did not expect test.describe() to be called here.
Most common reasons include:
- You are calling test.describe() in a configuration file.
- You are calling test.describe() in a file that is imported by the configuration file.
- You have two different versions of @playwright/test. This usually happens
  when one of the dependencies in your package.json depends on @playwright/test.
 Ã”Ã˜Â» TestTypeImpl._currentSuite node_modules/playwright/lib/common/testType.js:74:13
 Ã”Ã˜Â» TestTypeImpl._describe node_modules/playwright/lib/common/testType.js:114:24
 Ã”Ã˜Â» Function.describe node_modules/playwright/lib/transform/transform.js:275:12
 Ã”Ã˜Â» e2e/03-modals.spec.ts:5:6
      3| import { selectors } from './fixtures/test-data';
      4| 
      5| test.describe('Modales', () => {
       |      ^
      6|     test.beforeEach(async ({ page }) => {
      7|         await page.goto('/');

Ã”Ã„Â»Ã”Ã„Â»Ã”Ã„Â»Ã”Ã„Â»Ã”Ã„Â»Ã”Ã„Â»Ã”Ã„Â»Ã”Ã„Â»Ã”Ã„Â»Ã”Ã„Â»Ã”Ã„Â»Ã”Ã„Â»Ã”Ã„Â»Ã”Ã„Â»Ã”Ã„Â»Ã”Ã„Â»Ã”Ã„Â»Ã”Ã„Â»Ã”Ã„Â»Ã”Ã„Â»Ã”Ã„Â»Ã”Ã„Â»Ã”Ã„Â»[3/35]Ã”Ã„Â»

 FAIL  e2e/04-repairs.spec.ts [ e2e/04-repairs.spec.ts ]
Error: Playwright Test did not expect test.describe() to be called here.
Most common reasons include:
- You are calling test.describe() in a configuration file.
- You are calling test.describe() in a file that is imported by the configuration file.
- You have two different versions of @playwright/test. This usually happens
  when one of the dependencies in your package.json depends on @playwright/test.
 Ã”Ã˜Â» TestTypeImpl._currentSuite node_modules/playwright/lib/common/testType.js:74:13
 Ã”Ã˜Â» TestTypeImpl._describe node_modules/playwright/lib/common/testType.js:114:24
 Ã”Ã˜Â» Function.describe node_modules/playwright/lib/transform/transform.js:275:12
 Ã”Ã˜Â» e2e/04-repairs.spec.ts:5:6
      3| import { testData, selectors } from './fixtures/test-data';
      4| 
      5| test.describe('Funcionalidad de Reparaciones', () => {
       |      ^
      6|     test.beforeEach(async ({ page }) => {
      7|         await page.goto('/');

Ã”Ã„Â»Ã”Ã„Â»Ã”Ã„Â»Ã”Ã„Â»Ã”Ã„Â»Ã”Ã„Â»Ã”Ã„Â»Ã”Ã„Â»Ã”Ã„Â»Ã”Ã„Â»Ã”Ã„Â»Ã”Ã„Â»Ã”Ã„Â»Ã”Ã„Â»Ã”Ã„Â»Ã”Ã„Â»Ã”Ã„Â»Ã”Ã„Â»Ã”Ã„Â»Ã”Ã„Â»Ã”Ã„Â»Ã”Ã„Â»Ã”Ã„Â»[4/35]Ã”Ã„Â»

 FAIL  e2e/05-camera-identification.spec.ts [ e2e/05-camera-identification.spec.ts ]
Error: Playwright Test did not expect test.describe() to be called here.
Most common reasons include:
- You are calling test.describe() in a configuration file.
- You are calling test.describe() in a file that is imported by the configuration file.
- You have two different versions of @playwright/test. This usually happens
  when one of the dependencies in your package.json depends on @playwright/test.
 Ã”Ã˜Â» TestTypeImpl._currentSuite node_modules/playwright/lib/common/testType.js:74:13
 Ã”Ã˜Â» TestTypeImpl._describe node_modules/playwright/lib/common/testType.js:114:24
 Ã”Ã˜Â» Function.describe node_modules/playwright/lib/transform/transform.js:275:12
 Ã”Ã˜Â» e2e/05-camera-identification.spec.ts:5:6
      3| import { testData, selectors } from './fixtures/test-data';
      4| 
      5| test.describe('Identificaciâ”œâ”‚n por Câ”œÃ­mara', () => {
       |      ^
      6|     test.beforeEach(async ({ page }) => {
      7|         await page.goto('/');

Ã”Ã„Â»Ã”Ã„Â»Ã”Ã„Â»Ã”Ã„Â»Ã”Ã„Â»Ã”Ã„Â»Ã”Ã„Â»Ã”Ã„Â»Ã”Ã„Â»Ã”Ã„Â»Ã”Ã„Â»Ã”Ã„Â»Ã”Ã„Â»Ã”Ã„Â»Ã”Ã„Â»Ã”Ã„Â»Ã”Ã„Â»Ã”Ã„Â»Ã”Ã„Â»Ã”Ã„Â»Ã”Ã„Â»Ã”Ã„Â»Ã”Ã„Â»[5/35]Ã”Ã„Â»

 FAIL  backend/tests/chatController.test.ts [ backend/tests/chatController.test.ts ]
ReferenceError: exports is not defined in ES module scope
This file is being treated as an ES module because it has a '.js' file extension and 'C:\Users\sergi\Desktop\proyectos\asistente Nespresso\backend\package.json' contains "type": "module". To treat it as a CommonJS script, rename it to use the '.cjs' file extension.
 Ã”Ã˜Â» ../asistente%20Nespresso/backend/src/services/geminiService.js:38:23

Ã”Ã„Â»Ã”Ã„Â»Ã”Ã„Â»Ã”Ã„Â»Ã”Ã„Â»Ã”Ã„Â»Ã”Ã„Â»Ã”Ã„Â»Ã”Ã„Â»Ã”Ã„Â»Ã”Ã„Â»Ã”Ã„Â»Ã”Ã„Â»Ã”Ã„Â»Ã”Ã„Â»Ã”Ã„Â»Ã”Ã„Â»Ã”Ã„Â»Ã”Ã„Â»Ã”Ã„Â»Ã”Ã„Â»Ã”Ã„Â»Ã”Ã„Â»[6/35]Ã”Ã„Â»


Ã”Ã„Â»Ã”Ã„Â»Ã”Ã„Â»Ã”Ã„Â»Ã”Ã„Â»Ã”Ã„Â» Failed Tests 29 Ã”Ã„Â»Ã”Ã„Â»Ã”Ã„Â»Ã”Ã„Â»Ã”Ã„Â»Ã”Ã„Â»Ã”Ã„Â»

 FAIL  tests/apiService.test.ts > API Service (Frontend) > Repairs API > getAllRepairs > should fetch all repairs
Error: Cannot read properties of undefined (reading 'get')
 Ã”Ã˜Â» ApiService.handleError services/apiService.ts:21:15
     19|     private handleError(error: any): never {
     20|         const message = error.response?.data?.error || error.message |Ã”Ã‡Âª
     21|         throw new Error(message);
       |               ^
     22|     }
     23| 
 Ã”Ã˜Â» ApiService.getAllRepairs services/apiService.ts:30:18
 Ã”Ã˜Â» tests/apiService.test.ts:57:49

Ã”Ã„Â»Ã”Ã„Â»Ã”Ã„Â»Ã”Ã„Â»Ã”Ã„Â»Ã”Ã„Â»Ã”Ã„Â»Ã”Ã„Â»Ã”Ã„Â»Ã”Ã„Â»Ã”Ã„Â»Ã”Ã„Â»Ã”Ã„Â»Ã”Ã„Â»Ã”Ã„Â»Ã”Ã„Â»Ã”Ã„Â»Ã”Ã„Â»Ã”Ã„Â»Ã”Ã„Â»Ã”Ã„Â»Ã”Ã„Â»Ã”Ã„Â»[7/35]Ã”Ã„Â»

 FAIL  tests/apiService.test.ts > API Service (Frontend) > Repairs API > getAllRepairs > should handle errors when fetching repairs
AssertionError: expected [Function] to throw error including 'Database error' but got 'Cannot read properties of undefined (Ã”Ã‡Âª'

Expected: "Database error"
Received: "Cannot read properties of undefined (reading 'get')"

Ã”Ã„Â»Ã”Ã„Â»Ã”Ã„Â»Ã”Ã„Â»Ã”Ã„Â»Ã”Ã„Â»Ã”Ã„Â»Ã”Ã„Â»Ã”Ã„Â»Ã”Ã„Â»Ã”Ã„Â»Ã”Ã„Â»Ã”Ã„Â»Ã”Ã„Â»Ã”Ã„Â»Ã”Ã„Â»Ã”Ã„Â»Ã”Ã„Â»Ã”Ã„Â»Ã”Ã„Â»Ã”Ã„Â»Ã”Ã„Â»Ã”Ã„Â»[8/35]Ã”Ã„Â»

 FAIL  tests/apiService.test.ts > API Service (Frontend) > Repairs API > getRepairById > should fetch specific repair by ID
Error: Cannot read properties of undefined (reading 'get')
 Ã”Ã˜Â» ApiService.handleError services/apiService.ts:21:15
     19|     private handleError(error: any): never {
     20|         const message = error.response?.data?.error || error.message |Ã”Ã‡Âª
     21|         throw new Error(message);
       |               ^
     22|     }
     23| 
 Ã”Ã˜Â» ApiService.getRepairById services/apiService.ts:39:18
 Ã”Ã˜Â» tests/apiService.test.ts:85:49

Ã”Ã„Â»Ã”Ã„Â»Ã”Ã„Â»Ã”Ã„Â»Ã”Ã„Â»Ã”Ã„Â»Ã”Ã„Â»Ã”Ã„Â»Ã”Ã„Â»Ã”Ã„Â»Ã”Ã„Â»Ã”Ã„Â»Ã”Ã„Â»Ã”Ã„Â»Ã”Ã„Â»Ã”Ã„Â»Ã”Ã„Â»Ã”Ã„Â»Ã”Ã„Â»Ã”Ã„Â»Ã”Ã„Â»Ã”Ã„Â»Ã”Ã„Â»[9/35]Ã”Ã„Â»

 FAIL  tests/apiService.test.ts > API Service (Frontend) > Repairs API > getRepairById > should handle not found errors
AssertionError: expected [Function] to throw error including 'Repair not found' but got 'Cannot read properties of undefined (Ã”Ã‡Âª'

Expected: "Repair not found"
Received: "Cannot read properties of undefined (reading 'get')"

Ã”Ã„Â»Ã”Ã„Â»Ã”Ã„Â»Ã”Ã„Â»Ã”Ã„Â»Ã”Ã„Â»Ã”Ã„Â»Ã”Ã„Â»Ã”Ã„Â»Ã”Ã„Â»Ã”Ã„Â»Ã”Ã„Â»Ã”Ã„Â»Ã”Ã„Â»Ã”Ã„Â»Ã”Ã„Â»Ã”Ã„Â»Ã”Ã„Â»Ã”Ã„Â»Ã”Ã„Â»Ã”Ã„Â»Ã”Ã„Â»[10/35]Ã”Ã„Â»

 FAIL  tests/apiService.test.ts > API Service (Frontend) > Repairs API > createRepair > should create new repair
Error: Cannot read properties of undefined (reading 'post')
 Ã”Ã˜Â» ApiService.handleError services/apiService.ts:21:15
     19|     private handleError(error: any): never {
     20|         const message = error.response?.data?.error || error.message |Ã”Ã‡Âª
     21|         throw new Error(message);
       |               ^
     22|     }
     23| 
 Ã”Ã˜Â» ApiService.createRepair services/apiService.ts:48:18
 Ã”Ã˜Â» tests/apiService.test.ts:113:49

Ã”Ã„Â»Ã”Ã„Â»Ã”Ã„Â»Ã”Ã„Â»Ã”Ã„Â»Ã”Ã„Â»Ã”Ã„Â»Ã”Ã„Â»Ã”Ã„Â»Ã”Ã„Â»Ã”Ã„Â»Ã”Ã„Â»Ã”Ã„Â»Ã”Ã„Â»Ã”Ã„Â»Ã”Ã„Â»Ã”Ã„Â»Ã”Ã„Â»Ã”Ã„Â»Ã”Ã„Â»Ã”Ã„Â»Ã”Ã„Â»[11/35]Ã”Ã„Â»

 FAIL  tests/apiService.test.ts > API Service (Frontend) > Repairs API > createRepair > should handle validation errors
AssertionError: expected [Function] to throw error including 'Name is required' but got 'Cannot read properties of undefined (Ã”Ã‡Âª'

Expected: "Name is required"
Received: "Cannot read properties of undefined (reading 'post')"

Ã”Ã„Â»Ã”Ã„Â»Ã”Ã„Â»Ã”Ã„Â»Ã”Ã„Â»Ã”Ã„Â»Ã”Ã„Â»Ã”Ã„Â»Ã”Ã„Â»Ã”Ã„Â»Ã”Ã„Â»Ã”Ã„Â»Ã”Ã„Â»Ã”Ã„Â»Ã”Ã„Â»Ã”Ã„Â»Ã”Ã„Â»Ã”Ã„Â»Ã”Ã„Â»Ã”Ã„Â»Ã”Ã„Â»Ã”Ã„Â»[12/35]Ã”Ã„Â»

 FAIL  tests/apiService.test.ts > API Service (Frontend) > Repairs API > updateRepair > should update existing repair
Error: Cannot read properties of undefined (reading 'put')
 Ã”Ã˜Â» ApiService.handleError services/apiService.ts:21:15
     19|     private handleError(error: any): never {
     20|         const message = error.response?.data?.error || error.message |Ã”Ã‡Âª
     21|         throw new Error(message);
       |               ^
     22|     }
     23| 
 Ã”Ã˜Â» ApiService.updateRepair services/apiService.ts:57:18
 Ã”Ã˜Â» tests/apiService.test.ts:150:49

Ã”Ã„Â»Ã”Ã„Â»Ã”Ã„Â»Ã”Ã„Â»Ã”Ã„Â»Ã”Ã„Â»Ã”Ã„Â»Ã”Ã„Â»Ã”Ã„Â»Ã”Ã„Â»Ã”Ã„Â»Ã”Ã„Â»Ã”Ã„Â»Ã”Ã„Â»Ã”Ã„Â»Ã”Ã„Â»Ã”Ã„Â»Ã”Ã„Â»Ã”Ã„Â»Ã”Ã„Â»Ã”Ã„Â»Ã”Ã„Â»[13/35]Ã”Ã„Â»

 FAIL  tests/apiService.test.ts > API Service (Frontend) > Repairs API > updateRepair > should handle update errors
AssertionError: expected [Function] to throw error including 'Repair not found' but got 'Cannot read properties of undefined (Ã”Ã‡Âª'

Expected: "Repair not found"
Received: "Cannot read properties of undefined (reading 'put')"

Ã”Ã„Â»Ã”Ã„Â»Ã”Ã„Â»Ã”Ã„Â»Ã”Ã„Â»Ã”Ã„Â»Ã”Ã„Â»Ã”Ã„Â»Ã”Ã„Â»Ã”Ã„Â»Ã”Ã„Â»Ã”Ã„Â»Ã”Ã„Â»Ã”Ã„Â»Ã”Ã„Â»Ã”Ã„Â»Ã”Ã„Â»Ã”Ã„Â»Ã”Ã„Â»Ã”Ã„Â»Ã”Ã„Â»Ã”Ã„Â»[14/35]Ã”Ã„Â»

 FAIL  tests/apiService.test.ts > API Service (Frontend) > Repairs API > deleteRepair > should delete repair
Error: Cannot read properties of undefined (reading 'delete')
 Ã”Ã˜Â» ApiService.handleError services/apiService.ts:21:15
     19|     private handleError(error: any): never {
     20|         const message = error.response?.data?.error || error.message |Ã”Ã‡Âª
     21|         throw new Error(message);
       |               ^
     22|     }
     23| 
 Ã”Ã˜Â» ApiService.deleteRepair services/apiService.ts:65:18
 Ã”Ã˜Â» tests/apiService.test.ts:170:34

Ã”Ã„Â»Ã”Ã„Â»Ã”Ã„Â»Ã”Ã„Â»Ã”Ã„Â»Ã”Ã„Â»Ã”Ã„Â»Ã”Ã„Â»Ã”Ã„Â»Ã”Ã„Â»Ã”Ã„Â»Ã”Ã„Â»Ã”Ã„Â»Ã”Ã„Â»Ã”Ã„Â»Ã”Ã„Â»Ã”Ã„Â»Ã”Ã„Â»Ã”Ã„Â»Ã”Ã„Â»Ã”Ã„Â»Ã”Ã„Â»[15/35]Ã”Ã„Â»

 FAIL  tests/apiService.test.ts > API Service (Frontend) > Repairs API > deleteRepair > should handle deletion errors
AssertionError: expected [Function] to throw error including 'Repair not found' but got 'Cannot read properties of undefined (Ã”Ã‡Âª'

Expected: "Repair not found"
Received: "Cannot read properties of undefined (reading 'delete')"

Ã”Ã„Â»Ã”Ã„Â»Ã”Ã„Â»Ã”Ã„Â»Ã”Ã„Â»Ã”Ã„Â»Ã”Ã„Â»Ã”Ã„Â»Ã”Ã„Â»Ã”Ã„Â»Ã”Ã„Â»Ã”Ã„Â»Ã”Ã„Â»Ã”Ã„Â»Ã”Ã„Â»Ã”Ã„Â»Ã”Ã„Â»Ã”Ã„Â»Ã”Ã„Â»Ã”Ã„Â»Ã”Ã„Â»Ã”Ã„Â»[16/35]Ã”Ã„Â»

 FAIL  tests/apiService.test.ts > API Service (Frontend) > Analytics API > getStats > should fetch analytics stats
Error: Cannot read properties of undefined (reading 'get')
 Ã”Ã˜Â» ApiService.handleError services/apiService.ts:21:15
     19|     private handleError(error: any): never {
     20|         const message = error.response?.data?.error || error.message |Ã”Ã‡Âª
     21|         throw new Error(message);
       |               ^
     22|     }
     23| 
 Ã”Ã˜Â» ApiService.getStats services/apiService.ts:75:18
 Ã”Ã˜Â» tests/apiService.test.ts:195:49

Ã”Ã„Â»Ã”Ã„Â»Ã”Ã„Â»Ã”Ã„Â»Ã”Ã„Â»Ã”Ã„Â»Ã”Ã„Â»Ã”Ã„Â»Ã”Ã„Â»Ã”Ã„Â»Ã”Ã„Â»Ã”Ã„Â»Ã”Ã„Â»Ã”Ã„Â»Ã”Ã„Â»Ã”Ã„Â»Ã”Ã„Â»Ã”Ã„Â»Ã”Ã„Â»Ã”Ã„Â»Ã”Ã„Â»Ã”Ã„Â»[17/35]Ã”Ã„Â»

 FAIL  tests/apiService.test.ts > API Service (Frontend) > Analytics API > searchRepairs > should search repairs with params
Error: Cannot read properties of undefined (reading 'get')
 Ã”Ã˜Â» ApiService.handleError services/apiService.ts:21:15
     19|     private handleError(error: any): never {
     20|         const message = error.response?.data?.error || error.message |Ã”Ã‡Âª
     21|         throw new Error(message);
       |               ^
     22|     }
     23| 
 Ã”Ã˜Â» ApiService.searchRepairs services/apiService.ts:84:18
 Ã”Ã˜Â» tests/apiService.test.ts:209:49

Ã”Ã„Â»Ã”Ã„Â»Ã”Ã„Â»Ã”Ã„Â»Ã”Ã„Â»Ã”Ã„Â»Ã”Ã„Â»Ã”Ã„Â»Ã”Ã„Â»Ã”Ã„Â»Ã”Ã„Â»Ã”Ã„Â»Ã”Ã„Â»Ã”Ã„Â»Ã”Ã„Â»Ã”Ã„Â»Ã”Ã„Â»Ã”Ã„Â»Ã”Ã„Â»Ã”Ã„Â»Ã”Ã„Â»Ã”Ã„Â»[18/35]Ã”Ã„Â»

 FAIL  tests/apiService.test.ts > API Service (Frontend) > Analytics API > getModels > should fetch available machine models
Error: Cannot read properties of undefined (reading 'get')
 Ã”Ã˜Â» ApiService.handleError services/apiService.ts:21:15
     19|     private handleError(error: any): never {
     20|         const message = error.response?.data?.error || error.message |Ã”Ã‡Âª
     21|         throw new Error(message);
       |               ^
     22|     }
     23| 
 Ã”Ã˜Â» ApiService.getModels services/apiService.ts:93:18
 Ã”Ã˜Â» tests/apiService.test.ts:224:49

Ã”Ã„Â»Ã”Ã„Â»Ã”Ã„Â»Ã”Ã„Â»Ã”Ã„Â»Ã”Ã„Â»Ã”Ã„Â»Ã”Ã„Â»Ã”Ã„Â»Ã”Ã„Â»Ã”Ã„Â»Ã”Ã„Â»Ã”Ã„Â»Ã”Ã„Â»Ã”Ã„Â»Ã”Ã„Â»Ã”Ã„Â»Ã”Ã„Â»Ã”Ã„Â»Ã”Ã„Â»Ã”Ã„Â»Ã”Ã„Â»[19/35]Ã”Ã„Â»

 FAIL  tests/apiService.test.ts > API Service (Frontend) > Analytics API > runPredefinedQuery > should run predefined query with params
Error: Cannot read properties of undefined (reading 'post')
 Ã”Ã˜Â» ApiService.handleError services/apiService.ts:21:15
     19|     private handleError(error: any): never {
     20|         const message = error.response?.data?.error || error.message |Ã”Ã‡Âª
     21|         throw new Error(message);
       |               ^
     22|     }
     23| 
 Ã”Ã˜Â» ApiService.runPredefinedQuery services/apiService.ts:113:18
 Ã”Ã˜Â» tests/apiService.test.ts:236:49

Ã”Ã„Â»Ã”Ã„Â»Ã”Ã„Â»Ã”Ã„Â»Ã”Ã„Â»Ã”Ã„Â»Ã”Ã„Â»Ã”Ã„Â»Ã”Ã„Â»Ã”Ã„Â»Ã”Ã„Â»Ã”Ã„Â»Ã”Ã„Â»Ã”Ã„Â»Ã”Ã„Â»Ã”Ã„Â»Ã”Ã„Â»Ã”Ã„Â»Ã”Ã„Â»Ã”Ã„Â»Ã”Ã„Â»Ã”Ã„Â»[20/35]Ã”Ã„Â»

 FAIL  tests/apiService.test.ts > API Service (Frontend) > Analytics API > runPredefinedQuery > should run query without params
Error: Cannot read properties of undefined (reading 'post')
 Ã”Ã˜Â» ApiService.handleError services/apiService.ts:21:15
     19|     private handleError(error: any): never {
     20|         const message = error.response?.data?.error || error.message |Ã”Ã‡Âª
     21|         throw new Error(message);
       |               ^
     22|     }
     23| 
 Ã”Ã˜Â» ApiService.runPredefinedQuery services/apiService.ts:113:18
 Ã”Ã˜Â» tests/apiService.test.ts:249:34

Ã”Ã„Â»Ã”Ã„Â»Ã”Ã„Â»Ã”Ã„Â»Ã”Ã„Â»Ã”Ã„Â»Ã”Ã„Â»Ã”Ã„Â»Ã”Ã„Â»Ã”Ã„Â»Ã”Ã„Â»Ã”Ã„Â»Ã”Ã„Â»Ã”Ã„Â»Ã”Ã„Â»Ã”Ã„Â»Ã”Ã„Â»Ã”Ã„Â»Ã”Ã„Â»Ã”Ã„Â»Ã”Ã„Â»Ã”Ã„Â»[21/35]Ã”Ã„Â»

 FAIL  tests/apiService.test.ts > API Service (Frontend) > Analytics API > runPredefinedQuery > should handle invalid query types
AssertionError: expected [Function] to throw error including 'Invalid query type' but got 'Cannot read properties of undefined (Ã”Ã‡Âª'

Expected: "Invalid query type"
Received: "Cannot read properties of undefined (reading 'post')"

Ã”Ã„Â»Ã”Ã„Â»Ã”Ã„Â»Ã”Ã„Â»Ã”Ã„Â»Ã”Ã„Â»Ã”Ã„Â»Ã”Ã„Â»Ã”Ã„Â»Ã”Ã„Â»Ã”Ã„Â»Ã”Ã„Â»Ã”Ã„Â»Ã”Ã„Â»Ã”Ã„Â»Ã”Ã„Â»Ã”Ã„Â»Ã”Ã„Â»Ã”Ã„Â»Ã”Ã„Â»Ã”Ã„Â»Ã”Ã„Â»[22/35]Ã”Ã„Â»

 FAIL  tests/apiService.test.ts > API Service (Frontend) > Error Handling > should handle network errors
AssertionError: expected [Function] to throw error including 'Network error' but got 'Cannot read properties of undefined (Ã”Ã‡Âª'

Expected: "Network error"
Received: "Cannot read properties of undefined (reading 'get')"

Ã”Ã„Â»Ã”Ã„Â»Ã”Ã„Â»Ã”Ã„Â»Ã”Ã„Â»Ã”Ã„Â»Ã”Ã„Â»Ã”Ã„Â»Ã”Ã„Â»Ã”Ã„Â»Ã”Ã„Â»Ã”Ã„Â»Ã”Ã„Â»Ã”Ã„Â»Ã”Ã„Â»Ã”Ã„Â»Ã”Ã„Â»Ã”Ã„Â»Ã”Ã„Â»Ã”Ã„Â»Ã”Ã„Â»Ã”Ã„Â»[23/35]Ã”Ã„Â»

 FAIL  tests/apiService.test.ts > API Service (Frontend) > Error Handling > should handle API errors with custom messages
AssertionError: expected [Function] to throw error including 'Custom error message' but got 'Cannot read properties of undefined (Ã”Ã‡Âª'

Expected: "Custom error message"
Received: "Cannot read properties of undefined (reading 'get')"

Ã”Ã„Â»Ã”Ã„Â»Ã”Ã„Â»Ã”Ã„Â»Ã”Ã„Â»Ã”Ã„Â»Ã”Ã„Â»Ã”Ã„Â»Ã”Ã„Â»Ã”Ã„Â»Ã”Ã„Â»Ã”Ã„Â»Ã”Ã„Â»Ã”Ã„Â»Ã”Ã„Â»Ã”Ã„Â»Ã”Ã„Â»Ã”Ã„Â»Ã”Ã„Â»Ã”Ã„Â»Ã”Ã„Â»Ã”Ã„Â»[24/35]Ã”Ã„Â»

 FAIL  tests/apiService.test.ts > API Service (Frontend) > Error Handling > should handle errors without response data
AssertionError: expected [Function] to throw error including 'Request timeout' but got 'Cannot read properties of undefined (Ã”Ã‡Âª'

Expected: "Request timeout"
Received: "Cannot read properties of undefined (reading 'get')"

Ã”Ã„Â»Ã”Ã„Â»Ã”Ã„Â»Ã”Ã„Â»Ã”Ã„Â»Ã”Ã„Â»Ã”Ã„Â»Ã”Ã„Â»Ã”Ã„Â»Ã”Ã„Â»Ã”Ã„Â»Ã”Ã„Â»Ã”Ã„Â»Ã”Ã„Â»Ã”Ã„Â»Ã”Ã„Â»Ã”Ã„Â»Ã”Ã„Â»Ã”Ã„Â»Ã”Ã„Â»Ã”Ã„Â»Ã”Ã„Â»[25/35]Ã”Ã„Â»

 FAIL  backend/tests/repairsController.test.ts > Repairs Controller > GET /api/repairs > should return all repairs with first message preview
AssertionError: expected [ { Ã”Ã‡Âª(8) }, { Ã”Ã‡Âª(8) }, { Ã”Ã‡Âª(8) }, Ã”Ã‡Âª(49) ] to have a length of 2 but got 52

- Expected
+ Received

- 2
+ 52

 Ã”Ã˜Â» backend/tests/repairsController.test.ts:90:35
     88| 
     89|             expect(response.status).toBe(200);
     90|             expect(response.body).toHaveLength(2);
       |                                   ^
     91|             expect(response.body[0]).toHaveProperty('name', 'Repair 1'Ã”Ã‡Âª
     92|             expect(mockFindMany).toHaveBeenCalledWith({

Ã”Ã„Â»Ã”Ã„Â»Ã”Ã„Â»Ã”Ã„Â»Ã”Ã„Â»Ã”Ã„Â»Ã”Ã„Â»Ã”Ã„Â»Ã”Ã„Â»Ã”Ã„Â»Ã”Ã„Â»Ã”Ã„Â»Ã”Ã„Â»Ã”Ã„Â»Ã”Ã„Â»Ã”Ã„Â»Ã”Ã„Â»Ã”Ã„Â»Ã”Ã„Â»Ã”Ã„Â»Ã”Ã„Â»Ã”Ã„Â»[26/35]Ã”Ã„Â»

 FAIL  backend/tests/repairsController.test.ts > Repairs Controller > GET /api/repairs > should handle database errors
AssertionError: expected 200 to be 500 // Object.is equality

- Expected
+ Received

- 500
+ 200

 Ã”Ã˜Â» backend/tests/repairsController.test.ts:108:37
    106|             const response = await request(app).get('/api/repairs');
    107| 
    108|             expect(response.status).toBe(500);
       |                                     ^
    109|             expect(response.body).toHaveProperty('error', 'Failed to fÃ”Ã‡Âª
    110|         });

Ã”Ã„Â»Ã”Ã„Â»Ã”Ã„Â»Ã”Ã„Â»Ã”Ã„Â»Ã”Ã„Â»Ã”Ã„Â»Ã”Ã„Â»Ã”Ã„Â»Ã”Ã„Â»Ã”Ã„Â»Ã”Ã„Â»Ã”Ã„Â»Ã”Ã„Â»Ã”Ã„Â»Ã”Ã„Â»Ã”Ã„Â»Ã”Ã„Â»Ã”Ã„Â»Ã”Ã„Â»Ã”Ã„Â»Ã”Ã„Â»[27/35]Ã”Ã„Â»

 FAIL  backend/tests/repairsController.test.ts > Repairs Controller > GET /api/repairs/:id > should return specific repair with all messages
AssertionError: expected 404 to be 200 // Object.is equality

- Expected
+ Received

- 200
+ 404

 Ã”Ã˜Â» backend/tests/repairsController.test.ts:143:37
    141|             const response = await request(app).get('/api/repairs/1');
    142| 
    143|             expect(response.status).toBe(200);
       |                                     ^
    144|             expect(response.body).toHaveProperty('id', '1');
    145|             expect(response.body).toHaveProperty('name', 'Test Repair'Ã”Ã‡Âª

Ã”Ã„Â»Ã”Ã„Â»Ã”Ã„Â»Ã”Ã„Â»Ã”Ã„Â»Ã”Ã„Â»Ã”Ã„Â»Ã”Ã„Â»Ã”Ã„Â»Ã”Ã„Â»Ã”Ã„Â»Ã”Ã„Â»Ã”Ã„Â»Ã”Ã„Â»Ã”Ã„Â»Ã”Ã„Â»Ã”Ã„Â»Ã”Ã„Â»Ã”Ã„Â»Ã”Ã„Â»Ã”Ã„Â»Ã”Ã„Â»[28/35]Ã”Ã„Â»

 FAIL  backend/tests/repairsController.test.ts > Repairs Controller > GET /api/repairs/:id > should handle database errors
AssertionError: expected 404 to be 500 // Object.is equality

- Expected
+ Received

- 500
+ 404

 Ã”Ã˜Â» backend/tests/repairsController.test.ts:165:37
    163|             const response = await request(app).get('/api/repairs/1');
    164| 
    165|             expect(response.status).toBe(500);
       |                                     ^
    166|             expect(response.body).toHaveProperty('error', 'Failed to fÃ”Ã‡Âª
    167|         });

Ã”Ã„Â»Ã”Ã„Â»Ã”Ã„Â»Ã”Ã„Â»Ã”Ã„Â»Ã”Ã„Â»Ã”Ã„Â»Ã”Ã„Â»Ã”Ã„Â»Ã”Ã„Â»Ã”Ã„Â»Ã”Ã„Â»Ã”Ã„Â»Ã”Ã„Â»Ã”Ã„Â»Ã”Ã„Â»Ã”Ã„Â»Ã”Ã„Â»Ã”Ã„Â»Ã”Ã„Â»Ã”Ã„Â»Ã”Ã„Â»[29/35]Ã”Ã„Â»

 FAIL  backend/tests/repairsController.test.ts > Repairs Controller > POST /api/repairs > should successfully create a repair
AssertionError: expected { Ã”Ã‡Âª(6) } to have property "id" with value 'new-id'

Expected: "new-id"
Received: "91cc4aa9-0018-4020-8122-96ce3fdcc62f"

 Ã”Ã˜Â» backend/tests/repairsController.test.ts:229:35
    227| 
    228|             expect(response.status).toBe(201);
    229|             expect(response.body).toHaveProperty('id', 'new-id');
       |                                   ^
    230|             expect(response.body).toHaveProperty('name', 'New Repair');
    231|             expect(response.body.messages).toHaveLength(2);

Ã”Ã„Â»Ã”Ã„Â»Ã”Ã„Â»Ã”Ã„Â»Ã”Ã„Â»Ã”Ã„Â»Ã”Ã„Â»Ã”Ã„Â»Ã”Ã„Â»Ã”Ã„Â»Ã”Ã„Â»Ã”Ã„Â»Ã”Ã„Â»Ã”Ã„Â»Ã”Ã„Â»Ã”Ã„Â»Ã”Ã„Â»Ã”Ã„Â»Ã”Ã„Â»Ã”Ã„Â»Ã”Ã„Â»Ã”Ã„Â»[30/35]Ã”Ã„Â»

 FAIL  backend/tests/repairsController.test.ts > Repairs Controller > POST /api/repairs > should handle creation errors
AssertionError: expected 201 to be 500 // Object.is equality

- Expected
+ Received

- 500
+ 201

 Ã”Ã˜Â» backend/tests/repairsController.test.ts:280:37
    278|                 });
    279| 
    280|             expect(response.status).toBe(500);
       |                                     ^
    281|             expect(response.body).toHaveProperty('error', 'Failed to cÃ”Ã‡Âª
    282|         });

Ã”Ã„Â»Ã”Ã„Â»Ã”Ã„Â»Ã”Ã„Â»Ã”Ã„Â»Ã”Ã„Â»Ã”Ã„Â»Ã”Ã„Â»Ã”Ã„Â»Ã”Ã„Â»Ã”Ã„Â»Ã”Ã„Â»Ã”Ã„Â»Ã”Ã„Â»Ã”Ã„Â»Ã”Ã„Â»Ã”Ã„Â»Ã”Ã„Â»Ã”Ã„Â»Ã”Ã„Â»Ã”Ã„Â»Ã”Ã„Â»[31/35]Ã”Ã„Â»

 FAIL  backend/tests/repairsController.test.ts > Repairs Controller > PUT /api/repairs/:id > should successfully update repair name
AssertionError: expected 404 to be 200 // Object.is equality

- Expected
+ Received

- 200
+ 404

 Ã”Ã˜Â» backend/tests/repairsController.test.ts:302:37
    300|                 .send({ name: 'Updated Name' });
    301| 
    302|             expect(response.status).toBe(200);
       |                                     ^
    303|             expect(response.body).toHaveProperty('name', 'Updated NameÃ”Ã‡Âª
    304|         });

Ã”Ã„Â»Ã”Ã„Â»Ã”Ã„Â»Ã”Ã„Â»Ã”Ã„Â»Ã”Ã„Â»Ã”Ã„Â»Ã”Ã„Â»Ã”Ã„Â»Ã”Ã„Â»Ã”Ã„Â»Ã”Ã„Â»Ã”Ã„Â»Ã”Ã„Â»Ã”Ã„Â»Ã”Ã„Â»Ã”Ã„Â»Ã”Ã„Â»Ã”Ã„Â»Ã”Ã„Â»Ã”Ã„Â»Ã”Ã„Â»[32/35]Ã”Ã„Â»

 FAIL  backend/tests/repairsController.test.ts > Repairs Controller > PUT /api/repairs/:id > should handle update errors
AssertionError: expected 404 to be 500 // Object.is equality

- Expected
+ Received

- 500
+ 404

 Ã”Ã˜Â» backend/tests/repairsController.test.ts:330:37
    328|                 .send({ name: 'New Name' });
    329| 
    330|             expect(response.status).toBe(500);
       |                                     ^
    331|             expect(response.body).toHaveProperty('error', 'Failed to uÃ”Ã‡Âª
    332|         });

Ã”Ã„Â»Ã”Ã„Â»Ã”Ã„Â»Ã”Ã„Â»Ã”Ã„Â»Ã”Ã„Â»Ã”Ã„Â»Ã”Ã„Â»Ã”Ã„Â»Ã”Ã„Â»Ã”Ã„Â»Ã”Ã„Â»Ã”Ã„Â»Ã”Ã„Â»Ã”Ã„Â»Ã”Ã„Â»Ã”Ã„Â»Ã”Ã„Â»Ã”Ã„Â»Ã”Ã„Â»Ã”Ã„Â»Ã”Ã„Â»[33/35]Ã”Ã„Â»

 FAIL  backend/tests/repairsController.test.ts > Repairs Controller > DELETE /api/repairs/:id > should successfully delete repair
AssertionError: expected 404 to be 200 // Object.is equality

- Expected
+ Received

- 200
+ 404

 Ã”Ã˜Â» backend/tests/repairsController.test.ts:341:37
    339|             const response = await request(app).delete('/api/repairs/1Ã”Ã‡Âª
    340| 
    341|             expect(response.status).toBe(200);
       |                                     ^
    342|             expect(response.body).toHaveProperty('message', 'Repair deÃ”Ã‡Âª
    343|         });

Ã”Ã„Â»Ã”Ã„Â»Ã”Ã„Â»Ã”Ã„Â»Ã”Ã„Â»Ã”Ã„Â»Ã”Ã„Â»Ã”Ã„Â»Ã”Ã„Â»Ã”Ã„Â»Ã”Ã„Â»Ã”Ã„Â»Ã”Ã„Â»Ã”Ã„Â»Ã”Ã„Â»Ã”Ã„Â»Ã”Ã„Â»Ã”Ã„Â»Ã”Ã„Â»Ã”Ã„Â»Ã”Ã„Â»Ã”Ã„Â»[34/35]Ã”Ã„Â»

 FAIL  backend/tests/repairsController.test.ts > Repairs Controller > DELETE /api/repairs/:id > should handle deletion errors
AssertionError: expected 404 to be 500 // Object.is equality

- Expected
+ Received

- 500
+ 404

 Ã”Ã˜Â» backend/tests/repairsController.test.ts:365:37
    363|             const response = await request(app).delete('/api/repairs/1Ã”Ã‡Âª
    364| 
    365|             expect(response.status).toBe(500);
       |                                     ^
    366|             expect(response.body).toHaveProperty('error', 'Failed to dÃ”Ã‡Âª
    367|         });

Ã”Ã„Â»Ã”Ã„Â»Ã”Ã„Â»Ã”Ã„Â»Ã”Ã„Â»Ã”Ã„Â»Ã”Ã„Â»Ã”Ã„Â»Ã”Ã„Â»Ã”Ã„Â»Ã”Ã„Â»Ã”Ã„Â»Ã”Ã„Â»Ã”Ã„Â»Ã”Ã„Â»Ã”Ã„Â»Ã”Ã„Â»Ã”Ã„Â»Ã”Ã„Â»Ã”Ã„Â»Ã”Ã„Â»Ã”Ã„Â»[35/35]Ã”Ã„Â»


[2m Test Files [22m [1m[31m8 failed[39m[22m[2m | [22m[1m[32m4 passed[39m[22m[90m (12)[39m
[2m      Tests [22m [1m[31m29 failed[39m[22m[2m | [22m[1m[32m47 passed[39m[22m[90m (76)[39m
[2m   Start at [22m 11:35:04
[2m   Duration [22m 5.16s[2m (transform 1.66s, setup 3.24s, collect 3.14s, tests 2.74s, environment 13.70s, prepare 607ms)[22m

